<?xml version="1.0" encoding="UTF-8"?>
<testsuite xmlns:xsi="http://www.w3.org/2001/XMLSchema-instance" xsi:noNamespaceSchemaLocation="https://maven.apache.org/surefire/maven-surefire-plugin/xsd/surefire-test-report.xsd" name="com.yym.springboot.sfjson.MyTest" time="0.561" tests="4" errors="1" skipped="0" failures="0">
  <properties>
    <property name="sun.desktop" value="windows"/>
    <property name="awt.toolkit" value="sun.awt.windows.WToolkit"/>
    <property name="file.encoding.pkg" value="sun.io"/>
    <property name="java.specification.version" value="1.8"/>
    <property name="sun.cpu.isalist" value="amd64"/>
    <property name="sun.jnu.encoding" value="GBK"/>
    <property name="java.class.path" value="D:\Idea\IdeaProjects\springboot-empty-project\springboot-sfjson\target\test-classes;D:\Idea\IdeaProjects\springboot-empty-project\springboot-sfjson\target\classes;D:\Maven\repository\org\springframework\boot\spring-boot-starter\2.1.8.RELEASE\spring-boot-starter-2.1.8.RELEASE.jar;D:\Maven\repository\org\springframework\boot\spring-boot\2.1.8.RELEASE\spring-boot-2.1.8.RELEASE.jar;D:\Maven\repository\org\springframework\spring-context\5.1.9.RELEASE\spring-context-5.1.9.RELEASE.jar;D:\Maven\repository\org\springframework\spring-aop\5.1.9.RELEASE\spring-aop-5.1.9.RELEASE.jar;D:\Maven\repository\org\springframework\spring-beans\5.1.9.RELEASE\spring-beans-5.1.9.RELEASE.jar;D:\Maven\repository\org\springframework\spring-expression\5.1.9.RELEASE\spring-expression-5.1.9.RELEASE.jar;D:\Maven\repository\org\springframework\boot\spring-boot-autoconfigure\2.1.8.RELEASE\spring-boot-autoconfigure-2.1.8.RELEASE.jar;D:\Maven\repository\org\springframework\boot\spring-boot-starter-logging\2.1.8.RELEASE\spring-boot-starter-logging-2.1.8.RELEASE.jar;D:\Maven\repository\ch\qos\logback\logback-classic\1.2.3\logback-classic-1.2.3.jar;D:\Maven\repository\ch\qos\logback\logback-core\1.2.3\logback-core-1.2.3.jar;D:\Maven\repository\org\slf4j\slf4j-api\1.7.28\slf4j-api-1.7.28.jar;D:\Maven\repository\org\apache\logging\log4j\log4j-to-slf4j\2.11.2\log4j-to-slf4j-2.11.2.jar;D:\Maven\repository\org\apache\logging\log4j\log4j-api\2.11.2\log4j-api-2.11.2.jar;D:\Maven\repository\org\slf4j\jul-to-slf4j\1.7.28\jul-to-slf4j-1.7.28.jar;D:\Maven\repository\javax\annotation\javax.annotation-api\1.3.2\javax.annotation-api-1.3.2.jar;D:\Maven\repository\org\springframework\spring-core\5.1.9.RELEASE\spring-core-5.1.9.RELEASE.jar;D:\Maven\repository\org\springframework\spring-jcl\5.1.9.RELEASE\spring-jcl-5.1.9.RELEASE.jar;D:\Maven\repository\org\yaml\snakeyaml\1.23\snakeyaml-1.23.jar;D:\Maven\repository\junit\junit\4.12\junit-4.12.jar;D:\Maven\repository\org\hamcrest\hamcrest-core\1.3\hamcrest-core-1.3.jar;D:\Maven\repository\net\sf\json-lib\json-lib\2.4\json-lib-2.4-jdk15.jar;D:\Maven\repository\commons-beanutils\commons-beanutils\1.8.0\commons-beanutils-1.8.0.jar;D:\Maven\repository\commons-collections\commons-collections\3.2.1\commons-collections-3.2.1.jar;D:\Maven\repository\commons-lang\commons-lang\2.5\commons-lang-2.5.jar;D:\Maven\repository\commons-logging\commons-logging\1.1.1\commons-logging-1.1.1.jar;D:\Maven\repository\net\sf\ezmorph\ezmorph\1.0.6\ezmorph-1.0.6.jar;D:\Maven\repository\org\projectlombok\lombok\1.18.8\lombok-1.18.8.jar;"/>
    <property name="java.vm.vendor" value="Oracle Corporation"/>
    <property name="sun.arch.data.model" value="64"/>
    <property name="user.variant" value=""/>
    <property name="java.vendor.url" value="http://java.oracle.com/"/>
    <property name="user.timezone" value="Asia/Shanghai"/>
    <property name="java.vm.specification.version" value="1.8"/>
    <property name="os.name" value="Windows 10"/>
    <property name="user.country" value="CN"/>
    <property name="sun.java.launcher" value="SUN_STANDARD"/>
    <property name="sun.boot.library.path" value="C:\Program Files\Java\jdk1.8.0_181\jre\bin"/>
    <property name="sun.java.command" value="C:\Users\86155\AppData\Local\Temp\surefire3968406810373578831\surefirebooter1464713462813579248.jar C:\Users\86155\AppData\Local\Temp\surefire3968406810373578831 2019-11-25T11-31-21_527-jvmRun1 surefire4709197495402488523tmp surefire_05650192909491351545tmp"/>
    <property name="surefire.test.class.path" value="D:\Idea\IdeaProjects\springboot-empty-project\springboot-sfjson\target\test-classes;D:\Idea\IdeaProjects\springboot-empty-project\springboot-sfjson\target\classes;D:\Maven\repository\org\springframework\boot\spring-boot-starter\2.1.8.RELEASE\spring-boot-starter-2.1.8.RELEASE.jar;D:\Maven\repository\org\springframework\boot\spring-boot\2.1.8.RELEASE\spring-boot-2.1.8.RELEASE.jar;D:\Maven\repository\org\springframework\spring-context\5.1.9.RELEASE\spring-context-5.1.9.RELEASE.jar;D:\Maven\repository\org\springframework\spring-aop\5.1.9.RELEASE\spring-aop-5.1.9.RELEASE.jar;D:\Maven\repository\org\springframework\spring-beans\5.1.9.RELEASE\spring-beans-5.1.9.RELEASE.jar;D:\Maven\repository\org\springframework\spring-expression\5.1.9.RELEASE\spring-expression-5.1.9.RELEASE.jar;D:\Maven\repository\org\springframework\boot\spring-boot-autoconfigure\2.1.8.RELEASE\spring-boot-autoconfigure-2.1.8.RELEASE.jar;D:\Maven\repository\org\springframework\boot\spring-boot-starter-logging\2.1.8.RELEASE\spring-boot-starter-logging-2.1.8.RELEASE.jar;D:\Maven\repository\ch\qos\logback\logback-classic\1.2.3\logback-classic-1.2.3.jar;D:\Maven\repository\ch\qos\logback\logback-core\1.2.3\logback-core-1.2.3.jar;D:\Maven\repository\org\slf4j\slf4j-api\1.7.28\slf4j-api-1.7.28.jar;D:\Maven\repository\org\apache\logging\log4j\log4j-to-slf4j\2.11.2\log4j-to-slf4j-2.11.2.jar;D:\Maven\repository\org\apache\logging\log4j\log4j-api\2.11.2\log4j-api-2.11.2.jar;D:\Maven\repository\org\slf4j\jul-to-slf4j\1.7.28\jul-to-slf4j-1.7.28.jar;D:\Maven\repository\javax\annotation\javax.annotation-api\1.3.2\javax.annotation-api-1.3.2.jar;D:\Maven\repository\org\springframework\spring-core\5.1.9.RELEASE\spring-core-5.1.9.RELEASE.jar;D:\Maven\repository\org\springframework\spring-jcl\5.1.9.RELEASE\spring-jcl-5.1.9.RELEASE.jar;D:\Maven\repository\org\yaml\snakeyaml\1.23\snakeyaml-1.23.jar;D:\Maven\repository\junit\junit\4.12\junit-4.12.jar;D:\Maven\repository\org\hamcrest\hamcrest-core\1.3\hamcrest-core-1.3.jar;D:\Maven\repository\net\sf\json-lib\json-lib\2.4\json-lib-2.4-jdk15.jar;D:\Maven\repository\commons-beanutils\commons-beanutils\1.8.0\commons-beanutils-1.8.0.jar;D:\Maven\repository\commons-collections\commons-collections\3.2.1\commons-collections-3.2.1.jar;D:\Maven\repository\commons-lang\commons-lang\2.5\commons-lang-2.5.jar;D:\Maven\repository\commons-logging\commons-logging\1.1.1\commons-logging-1.1.1.jar;D:\Maven\repository\net\sf\ezmorph\ezmorph\1.0.6\ezmorph-1.0.6.jar;D:\Maven\repository\org\projectlombok\lombok\1.18.8\lombok-1.18.8.jar;"/>
    <property name="sun.cpu.endian" value="little"/>
    <property name="user.home" value="C:\Users\86155"/>
    <property name="user.language" value="zh"/>
    <property name="java.specification.vendor" value="Oracle Corporation"/>
    <property name="java.home" value="C:\Program Files\Java\jdk1.8.0_181\jre"/>
    <property name="basedir" value="D:\Idea\IdeaProjects\springboot-empty-project\springboot-sfjson"/>
    <property name="file.separator" value="\"/>
    <property name="line.separator" value="&#10;"/>
    <property name="java.vm.specification.vendor" value="Oracle Corporation"/>
    <property name="java.specification.name" value="Java Platform API Specification"/>
    <property name="java.awt.graphicsenv" value="sun.awt.Win32GraphicsEnvironment"/>
    <property name="surefire.real.class.path" value="C:\Users\86155\AppData\Local\Temp\surefire3968406810373578831\surefirebooter1464713462813579248.jar"/>
    <property name="sun.boot.class.path" value="C:\Program Files\Java\jdk1.8.0_181\jre\lib\resources.jar;C:\Program Files\Java\jdk1.8.0_181\jre\lib\rt.jar;C:\Program Files\Java\jdk1.8.0_181\jre\lib\sunrsasign.jar;C:\Program Files\Java\jdk1.8.0_181\jre\lib\jsse.jar;C:\Program Files\Java\jdk1.8.0_181\jre\lib\jce.jar;C:\Program Files\Java\jdk1.8.0_181\jre\lib\charsets.jar;C:\Program Files\Java\jdk1.8.0_181\jre\lib\jfr.jar;C:\Program Files\Java\jdk1.8.0_181\jre\classes"/>
    <property name="user.script" value=""/>
    <property name="sun.management.compiler" value="HotSpot 64-Bit Tiered Compilers"/>
    <property name="java.runtime.version" value="1.8.0_181-b13"/>
    <property name="user.name" value="86155"/>
    <property name="path.separator" value=";"/>
    <property name="os.version" value="10.0"/>
    <property name="java.endorsed.dirs" value="C:\Program Files\Java\jdk1.8.0_181\jre\lib\endorsed"/>
    <property name="java.runtime.name" value="Java(TM) SE Runtime Environment"/>
    <property name="file.encoding" value="GBK"/>
    <property name="java.vm.name" value="Java HotSpot(TM) 64-Bit Server VM"/>
    <property name="localRepository" value="D:\Maven\repository"/>
    <property name="java.vendor.url.bug" value="http://bugreport.sun.com/bugreport/"/>
    <property name="java.io.tmpdir" value="C:\Users\86155\AppData\Local\Temp\"/>
    <property name="java.version" value="1.8.0_181"/>
    <property name="user.dir" value="D:\Idea\IdeaProjects\springboot-empty-project\springboot-sfjson"/>
    <property name="os.arch" value="amd64"/>
    <property name="java.vm.specification.name" value="Java Virtual Machine Specification"/>
    <property name="java.awt.printerjob" value="sun.awt.windows.WPrinterJob"/>
    <property name="sun.os.patch.level" value=""/>
    <property name="java.library.path" value="C:\Program Files\Java\jdk1.8.0_181\jre\bin;C:\WINDOWS\Sun\Java\bin;C:\WINDOWS\system32;C:\WINDOWS;D:\Idea\install\IntelliJ IDEA 2019.1.4\jre64\\bin;D:\Idea\install\IntelliJ IDEA 2019.1.4\jre64\\bin\server;C:\Python27\;C:\Python27\Scripts;D:\Xshell6\install-xshell\;C:\Program Files (x86)\Common Files\Oracle\Java\javapath;C:\WINDOWS\system32;C:\WINDOWS;C:\WINDOWS\System32\Wbem;C:\WINDOWS\System32\WindowsPowerShell\v1.0\;C:\WINDOWS\System32\OpenSSH\;C:\Program Files\Java\jdk1.8.0_181\bin;D:\Git\install\cmd;D:\Mysql-8.0.18\mysql-8.0.18-winx64\mysql-8.0.18-winx64\bin;D:\NodeJS\install\;C:\ProgramData\chocolatey\bin;C:\Users\86155\AppData\Local\Microsoft\WindowsApps;;D:\Idea\install\IntelliJ IDEA 2019.1.4\bin;;D:\Bandizip\install\;C:\Users\86155\AppData\Roaming\npm;."/>
    <property name="idea.version2019.1.4" value="true"/>
    <property name="java.vm.info" value="mixed mode"/>
    <property name="java.vendor" value="Oracle Corporation"/>
    <property name="java.vm.version" value="25.181-b13"/>
    <property name="java.ext.dirs" value="C:\Program Files\Java\jdk1.8.0_181\jre\lib\ext;C:\WINDOWS\Sun\Java\lib\ext"/>
    <property name="sun.io.unicode.encoding" value="UnicodeLittle"/>
    <property name="maven.repo.local" value="D:\Maven\repository"/>
    <property name="java.class.version" value="52.0"/>
  </properties>
  <testcase name="test1" classname="com.yym.springboot.sfjson.MyTest" time="0.243"/>
  <testcase name="test2" classname="com.yym.springboot.sfjson.MyTest" time="0.001"/>
  <testcase name="test3" classname="com.yym.springboot.sfjson.MyTest" time="0.16">
    <error message="net.sf.ezmorph.bean.MorphDynaBean cannot be cast to com.yym.springboot.sfjson.entity.User" type="java.lang.ClassCastException">java.lang.ClassCastException: net.sf.ezmorph.bean.MorphDynaBean cannot be cast to com.yym.springboot.sfjson.entity.User
	at com.yym.springboot.sfjson.MyTest.test3(MyTest.java:69)
</error>
    <system-out><![CDATA[user = User(name=hello, age=20)
11:31:22.736 [main] DEBUG org.apache.commons.beanutils.converters.BooleanConverter - Setting default value: false
11:31:22.740 [main] DEBUG org.apache.commons.beanutils.converters.BooleanConverter - Converting 'Boolean' value 'false' to type 'Boolean'
11:31:22.740 [main] DEBUG org.apache.commons.beanutils.converters.BooleanConverter -     No conversion required, value is already a Boolean
11:31:22.743 [main] DEBUG org.apache.commons.beanutils.converters.ByteConverter - Setting default value: 0
11:31:22.743 [main] DEBUG org.apache.commons.beanutils.converters.ByteConverter - Converting 'Integer' value '0' to type 'Byte'
11:31:22.743 [main] DEBUG org.apache.commons.beanutils.converters.ByteConverter -     Converted to Byte value '0'
11:31:22.745 [main] DEBUG org.apache.commons.beanutils.converters.CharacterConverter - Setting default value:  
11:31:22.746 [main] DEBUG org.apache.commons.beanutils.converters.CharacterConverter - Converting 'Character' value ' ' to type 'Character'
11:31:22.746 [main] DEBUG org.apache.commons.beanutils.converters.CharacterConverter -     No conversion required, value is already a Character
11:31:22.747 [main] DEBUG org.apache.commons.beanutils.converters.DoubleConverter - Setting default value: 0
11:31:22.747 [main] DEBUG org.apache.commons.beanutils.converters.DoubleConverter - Converting 'Integer' value '0' to type 'Double'
11:31:22.747 [main] DEBUG org.apache.commons.beanutils.converters.DoubleConverter -     Converted to Double value '0.0'
11:31:22.749 [main] DEBUG org.apache.commons.beanutils.converters.FloatConverter - Setting default value: 0
11:31:22.750 [main] DEBUG org.apache.commons.beanutils.converters.FloatConverter - Converting 'Integer' value '0' to type 'Float'
11:31:22.750 [main] DEBUG org.apache.commons.beanutils.converters.FloatConverter -     Converted to Float value '0.0'
11:31:22.751 [main] DEBUG org.apache.commons.beanutils.converters.IntegerConverter - Setting default value: 0
11:31:22.752 [main] DEBUG org.apache.commons.beanutils.converters.IntegerConverter - Converting 'Integer' value '0' to type 'Integer'
11:31:22.752 [main] DEBUG org.apache.commons.beanutils.converters.IntegerConverter -     No conversion required, value is already a Integer
11:31:22.754 [main] DEBUG org.apache.commons.beanutils.converters.LongConverter - Setting default value: 0
11:31:22.754 [main] DEBUG org.apache.commons.beanutils.converters.LongConverter - Converting 'Integer' value '0' to type 'Long'
11:31:22.755 [main] DEBUG org.apache.commons.beanutils.converters.LongConverter -     Converted to Long value '0'
11:31:22.757 [main] DEBUG org.apache.commons.beanutils.converters.ShortConverter - Setting default value: 0
11:31:22.757 [main] DEBUG org.apache.commons.beanutils.converters.ShortConverter - Converting 'Integer' value '0' to type 'Short'
11:31:22.757 [main] DEBUG org.apache.commons.beanutils.converters.ShortConverter -     Converted to Short value '0'
11:31:22.759 [main] DEBUG org.apache.commons.beanutils.converters.BigDecimalConverter - Setting default value: 0.0
11:31:22.760 [main] DEBUG org.apache.commons.beanutils.converters.BigDecimalConverter - Converting 'BigDecimal' value '0.0' to type 'BigDecimal'
11:31:22.760 [main] DEBUG org.apache.commons.beanutils.converters.BigDecimalConverter -     No conversion required, value is already a BigDecimal
11:31:22.761 [main] DEBUG org.apache.commons.beanutils.converters.BigIntegerConverter - Setting default value: 0
11:31:22.761 [main] DEBUG org.apache.commons.beanutils.converters.BigIntegerConverter - Converting 'BigInteger' value '0' to type 'BigInteger'
11:31:22.762 [main] DEBUG org.apache.commons.beanutils.converters.BigIntegerConverter -     No conversion required, value is already a BigInteger
11:31:22.762 [main] DEBUG org.apache.commons.beanutils.converters.BooleanConverter - Setting default value: false
11:31:22.762 [main] DEBUG org.apache.commons.beanutils.converters.BooleanConverter - Converting 'Boolean' value 'false' to type 'Boolean'
11:31:22.762 [main] DEBUG org.apache.commons.beanutils.converters.BooleanConverter -     No conversion required, value is already a Boolean
11:31:22.762 [main] DEBUG org.apache.commons.beanutils.converters.ByteConverter - Setting default value: 0
11:31:22.762 [main] DEBUG org.apache.commons.beanutils.converters.ByteConverter - Converting 'Integer' value '0' to type 'Byte'
11:31:22.763 [main] DEBUG org.apache.commons.beanutils.converters.ByteConverter -     Converted to Byte value '0'
11:31:22.763 [main] DEBUG org.apache.commons.beanutils.converters.CharacterConverter - Setting default value:  
11:31:22.763 [main] DEBUG org.apache.commons.beanutils.converters.CharacterConverter - Converting 'Character' value ' ' to type 'Character'
11:31:22.763 [main] DEBUG org.apache.commons.beanutils.converters.CharacterConverter -     No conversion required, value is already a Character
11:31:22.764 [main] DEBUG org.apache.commons.beanutils.converters.DoubleConverter - Setting default value: 0
11:31:22.764 [main] DEBUG org.apache.commons.beanutils.converters.DoubleConverter - Converting 'Integer' value '0' to type 'Double'
11:31:22.764 [main] DEBUG org.apache.commons.beanutils.converters.DoubleConverter -     Converted to Double value '0.0'
11:31:22.765 [main] DEBUG org.apache.commons.beanutils.converters.FloatConverter - Setting default value: 0
11:31:22.769 [main] DEBUG org.apache.commons.beanutils.converters.FloatConverter - Converting 'Integer' value '0' to type 'Float'
11:31:22.770 [main] DEBUG org.apache.commons.beanutils.converters.FloatConverter -     Converted to Float value '0.0'
11:31:22.771 [main] DEBUG org.apache.commons.beanutils.converters.IntegerConverter - Setting default value: 0
11:31:22.771 [main] DEBUG org.apache.commons.beanutils.converters.IntegerConverter - Converting 'Integer' value '0' to type 'Integer'
11:31:22.771 [main] DEBUG org.apache.commons.beanutils.converters.IntegerConverter -     No conversion required, value is already a Integer
11:31:22.772 [main] DEBUG org.apache.commons.beanutils.converters.LongConverter - Setting default value: 0
11:31:22.772 [main] DEBUG org.apache.commons.beanutils.converters.LongConverter - Converting 'Integer' value '0' to type 'Long'
11:31:22.772 [main] DEBUG org.apache.commons.beanutils.converters.LongConverter -     Converted to Long value '0'
11:31:22.772 [main] DEBUG org.apache.commons.beanutils.converters.ShortConverter - Setting default value: 0
11:31:22.772 [main] DEBUG org.apache.commons.beanutils.converters.ShortConverter - Converting 'Integer' value '0' to type 'Short'
11:31:22.772 [main] DEBUG org.apache.commons.beanutils.converters.ShortConverter -     Converted to Short value '0'
11:31:22.776 [main] DEBUG org.apache.commons.beanutils.converters.StringConverter - Setting default value: 
11:31:22.778 [main] DEBUG org.apache.commons.beanutils.converters.StringConverter - Converting 'String' value '' to type 'String'
11:31:22.787 [main] DEBUG org.apache.commons.beanutils.converters.ArrayConverter - Setting default value: [Z@527740a2
11:31:22.787 [main] DEBUG org.apache.commons.beanutils.converters.ArrayConverter - Converting 'boolean[]' value '[Z@527740a2' to type 'boolean[]'
11:31:22.787 [main] DEBUG org.apache.commons.beanutils.converters.ArrayConverter -     No conversion required, value is already a boolean[]
11:31:22.787 [main] DEBUG org.apache.commons.beanutils.converters.ArrayConverter - Setting default value: [B@13a5fe33
11:31:22.787 [main] DEBUG org.apache.commons.beanutils.converters.ArrayConverter - Converting 'byte[]' value '[B@13a5fe33' to type 'byte[]'
11:31:22.787 [main] DEBUG org.apache.commons.beanutils.converters.ArrayConverter -     No conversion required, value is already a byte[]
11:31:22.788 [main] DEBUG org.apache.commons.beanutils.converters.ArrayConverter - Setting default value: [C@3108bc
11:31:22.788 [main] DEBUG org.apache.commons.beanutils.converters.ArrayConverter - Converting 'char[]' value '[C@3108bc' to type 'char[]'
11:31:22.788 [main] DEBUG org.apache.commons.beanutils.converters.ArrayConverter -     No conversion required, value is already a char[]
11:31:22.788 [main] DEBUG org.apache.commons.beanutils.converters.ArrayConverter - Setting default value: [D@370736d9
11:31:22.788 [main] DEBUG org.apache.commons.beanutils.converters.ArrayConverter - Converting 'double[]' value '[D@370736d9' to type 'double[]'
11:31:22.788 [main] DEBUG org.apache.commons.beanutils.converters.ArrayConverter -     No conversion required, value is already a double[]
11:31:22.788 [main] DEBUG org.apache.commons.beanutils.converters.ArrayConverter - Setting default value: [F@5f9d02cb
11:31:22.788 [main] DEBUG org.apache.commons.beanutils.converters.ArrayConverter - Converting 'float[]' value '[F@5f9d02cb' to type 'float[]'
11:31:22.788 [main] DEBUG org.apache.commons.beanutils.converters.ArrayConverter -     No conversion required, value is already a float[]
11:31:22.789 [main] DEBUG org.apache.commons.beanutils.converters.ArrayConverter - Setting default value: [I@63753b6d
11:31:22.789 [main] DEBUG org.apache.commons.beanutils.converters.ArrayConverter - Converting 'int[]' value '[I@63753b6d' to type 'int[]'
11:31:22.789 [main] DEBUG org.apache.commons.beanutils.converters.ArrayConverter -     No conversion required, value is already a int[]
11:31:22.789 [main] DEBUG org.apache.commons.beanutils.converters.ArrayConverter - Setting default value: [J@6b09bb57
11:31:22.789 [main] DEBUG org.apache.commons.beanutils.converters.ArrayConverter - Converting 'long[]' value '[J@6b09bb57' to type 'long[]'
11:31:22.789 [main] DEBUG org.apache.commons.beanutils.converters.ArrayConverter -     No conversion required, value is already a long[]
11:31:22.789 [main] DEBUG org.apache.commons.beanutils.converters.ArrayConverter - Setting default value: [S@6536e911
11:31:22.789 [main] DEBUG org.apache.commons.beanutils.converters.ArrayConverter - Converting 'short[]' value '[S@6536e911' to type 'short[]'
11:31:22.790 [main] DEBUG org.apache.commons.beanutils.converters.ArrayConverter -     No conversion required, value is already a short[]
11:31:22.790 [main] DEBUG org.apache.commons.beanutils.converters.ArrayConverter - Setting default value: [Ljava.math.BigDecimal;@520a3426
11:31:22.791 [main] DEBUG org.apache.commons.beanutils.converters.ArrayConverter - Converting 'BigDecimal[]' value '[Ljava.math.BigDecimal;@520a3426' to type 'BigDecimal[]'
11:31:22.791 [main] DEBUG org.apache.commons.beanutils.converters.ArrayConverter -     No conversion required, value is already a BigDecimal[]
11:31:22.791 [main] DEBUG org.apache.commons.beanutils.converters.ArrayConverter - Setting default value: [Ljava.math.BigInteger;@18eed359
11:31:22.791 [main] DEBUG org.apache.commons.beanutils.converters.ArrayConverter - Converting 'BigInteger[]' value '[Ljava.math.BigInteger;@18eed359' to type 'BigInteger[]'
11:31:22.791 [main] DEBUG org.apache.commons.beanutils.converters.ArrayConverter -     No conversion required, value is already a BigInteger[]
11:31:22.791 [main] DEBUG org.apache.commons.beanutils.converters.ArrayConverter - Setting default value: [Ljava.lang.Boolean;@3e9b1010
11:31:22.792 [main] DEBUG org.apache.commons.beanutils.converters.ArrayConverter - Converting 'Boolean[]' value '[Ljava.lang.Boolean;@3e9b1010' to type 'Boolean[]'
11:31:22.792 [main] DEBUG org.apache.commons.beanutils.converters.ArrayConverter -     No conversion required, value is already a Boolean[]
11:31:22.792 [main] DEBUG org.apache.commons.beanutils.converters.ArrayConverter - Setting default value: [Ljava.lang.Byte;@6c3708b3
11:31:22.792 [main] DEBUG org.apache.commons.beanutils.converters.ArrayConverter - Converting 'Byte[]' value '[Ljava.lang.Byte;@6c3708b3' to type 'Byte[]'
11:31:22.792 [main] DEBUG org.apache.commons.beanutils.converters.ArrayConverter -     No conversion required, value is already a Byte[]
11:31:22.792 [main] DEBUG org.apache.commons.beanutils.converters.ArrayConverter - Setting default value: [Ljava.lang.Character;@6f1fba17
11:31:22.792 [main] DEBUG org.apache.commons.beanutils.converters.ArrayConverter - Converting 'Character[]' value '[Ljava.lang.Character;@6f1fba17' to type 'Character[]'
11:31:22.793 [main] DEBUG org.apache.commons.beanutils.converters.ArrayConverter -     No conversion required, value is already a Character[]
11:31:22.793 [main] DEBUG org.apache.commons.beanutils.converters.ArrayConverter - Setting default value: [Ljava.lang.Double;@185d8b6
11:31:22.793 [main] DEBUG org.apache.commons.beanutils.converters.ArrayConverter - Converting 'Double[]' value '[Ljava.lang.Double;@185d8b6' to type 'Double[]'
11:31:22.793 [main] DEBUG org.apache.commons.beanutils.converters.ArrayConverter -     No conversion required, value is already a Double[]
11:31:22.793 [main] DEBUG org.apache.commons.beanutils.converters.ArrayConverter - Setting default value: [Ljava.lang.Float;@67784306
11:31:22.793 [main] DEBUG org.apache.commons.beanutils.converters.ArrayConverter - Converting 'Float[]' value '[Ljava.lang.Float;@67784306' to type 'Float[]'
11:31:22.793 [main] DEBUG org.apache.commons.beanutils.converters.ArrayConverter -     No conversion required, value is already a Float[]
11:31:22.793 [main] DEBUG org.apache.commons.beanutils.converters.ArrayConverter - Setting default value: [Ljava.lang.Integer;@335eadca
11:31:22.794 [main] DEBUG org.apache.commons.beanutils.converters.ArrayConverter - Converting 'Integer[]' value '[Ljava.lang.Integer;@335eadca' to type 'Integer[]'
11:31:22.794 [main] DEBUG org.apache.commons.beanutils.converters.ArrayConverter -     No conversion required, value is already a Integer[]
11:31:22.794 [main] DEBUG org.apache.commons.beanutils.converters.ArrayConverter - Setting default value: [Ljava.lang.Long;@210366b4
11:31:22.794 [main] DEBUG org.apache.commons.beanutils.converters.ArrayConverter - Converting 'Long[]' value '[Ljava.lang.Long;@210366b4' to type 'Long[]'
11:31:22.794 [main] DEBUG org.apache.commons.beanutils.converters.ArrayConverter -     No conversion required, value is already a Long[]
11:31:22.794 [main] DEBUG org.apache.commons.beanutils.converters.ArrayConverter - Setting default value: [Ljava.lang.Short;@eec5a4a
11:31:22.794 [main] DEBUG org.apache.commons.beanutils.converters.ArrayConverter - Converting 'Short[]' value '[Ljava.lang.Short;@eec5a4a' to type 'Short[]'
11:31:22.794 [main] DEBUG org.apache.commons.beanutils.converters.ArrayConverter -     No conversion required, value is already a Short[]
11:31:22.795 [main] DEBUG org.apache.commons.beanutils.converters.ArrayConverter - Setting default value: [Ljava.lang.String;@2b2948e2
11:31:22.795 [main] DEBUG org.apache.commons.beanutils.converters.ArrayConverter - Converting 'String[]' value '[Ljava.lang.String;@2b2948e2' to type 'String[]'
11:31:22.795 [main] DEBUG org.apache.commons.beanutils.converters.ArrayConverter -     No conversion required, value is already a String[]
11:31:22.795 [main] DEBUG org.apache.commons.beanutils.converters.ArrayConverter - Setting default value: [Ljava.lang.Class;@6ddf90b0
11:31:22.795 [main] DEBUG org.apache.commons.beanutils.converters.ArrayConverter - Converting 'Class[]' value '[Ljava.lang.Class;@6ddf90b0' to type 'Class[]'
11:31:22.795 [main] DEBUG org.apache.commons.beanutils.converters.ArrayConverter -     No conversion required, value is already a Class[]
11:31:22.795 [main] DEBUG org.apache.commons.beanutils.converters.ArrayConverter - Setting default value: [Ljava.util.Date;@57536d79
11:31:22.795 [main] DEBUG org.apache.commons.beanutils.converters.ArrayConverter - Converting 'Date[]' value '[Ljava.util.Date;@57536d79' to type 'Date[]'
11:31:22.795 [main] DEBUG org.apache.commons.beanutils.converters.ArrayConverter -     No conversion required, value is already a Date[]
11:31:22.795 [main] DEBUG org.apache.commons.beanutils.converters.ArrayConverter - Setting default value: [Ljava.util.Calendar;@5a8e6209
11:31:22.795 [main] DEBUG org.apache.commons.beanutils.converters.ArrayConverter - Converting 'Calendar[]' value '[Ljava.util.Calendar;@5a8e6209' to type 'Calendar[]'
11:31:22.795 [main] DEBUG org.apache.commons.beanutils.converters.ArrayConverter -     No conversion required, value is already a Calendar[]
11:31:22.796 [main] DEBUG org.apache.commons.beanutils.converters.ArrayConverter - Setting default value: [Ljava.io.File;@731a74c
11:31:22.797 [main] DEBUG org.apache.commons.beanutils.converters.ArrayConverter - Converting 'java.io.File[]' value '[Ljava.io.File;@731a74c' to type 'java.io.File[]'
11:31:22.797 [main] DEBUG org.apache.commons.beanutils.converters.ArrayConverter -     No conversion required, value is already a java.io.File[]
11:31:22.797 [main] DEBUG org.apache.commons.beanutils.converters.ArrayConverter - Setting default value: [Ljava.sql.Date;@1f28c152
11:31:22.797 [main] DEBUG org.apache.commons.beanutils.converters.ArrayConverter - Converting 'java.sql.Date[]' value '[Ljava.sql.Date;@1f28c152' to type 'java.sql.Date[]'
11:31:22.797 [main] DEBUG org.apache.commons.beanutils.converters.ArrayConverter -     No conversion required, value is already a java.sql.Date[]
11:31:22.797 [main] DEBUG org.apache.commons.beanutils.converters.ArrayConverter - Setting default value: [Ljava.sql.Time;@7791a895
11:31:22.797 [main] DEBUG org.apache.commons.beanutils.converters.ArrayConverter - Converting 'java.sql.Time[]' value '[Ljava.sql.Time;@7791a895' to type 'java.sql.Time[]'
11:31:22.797 [main] DEBUG org.apache.commons.beanutils.converters.ArrayConverter -     No conversion required, value is already a java.sql.Time[]
11:31:22.797 [main] DEBUG org.apache.commons.beanutils.converters.ArrayConverter - Setting default value: [Ljava.sql.Timestamp;@6325a3ee
11:31:22.798 [main] DEBUG org.apache.commons.beanutils.converters.ArrayConverter - Converting 'java.sql.Timestamp[]' value '[Ljava.sql.Timestamp;@6325a3ee' to type 'java.sql.Timestamp[]'
11:31:22.798 [main] DEBUG org.apache.commons.beanutils.converters.ArrayConverter -     No conversion required, value is already a java.sql.Timestamp[]
11:31:22.798 [main] DEBUG org.apache.commons.beanutils.converters.ArrayConverter - Setting default value: [Ljava.net.URL;@67b92f0a
11:31:22.798 [main] DEBUG org.apache.commons.beanutils.converters.ArrayConverter - Converting 'java.net.URL[]' value '[Ljava.net.URL;@67b92f0a' to type 'java.net.URL[]'
11:31:22.798 [main] DEBUG org.apache.commons.beanutils.converters.ArrayConverter -     No conversion required, value is already a java.net.URL[]
jsonObject = {"age":20,"name":"hello"}
11:31:22.848 [main] INFO net.sf.json.JSONObject - Property 'age' of class com.yym.springboot.sfjson.entity.User has no write method. SKIPPED.
11:31:22.848 [main] INFO net.sf.json.JSONObject - Property 'name' of class com.yym.springboot.sfjson.entity.User has no write method. SKIPPED.
user1 = User(name=null, age=null)
]]></system-out>
  </testcase>
  <testcase name="test4" classname="com.yym.springboot.sfjson.MyTest" time="0.003"/>
</testsuite>